D:\LOCALPROJECTS\CREAME4\BUILD\DEBUG\DESIGNER.PDB
D:\LOCALPROJECTS\CREAME4\BUILD\DEBUG\DESIGNER_D.DLL
D:\LocalProjects\Creame4\Build\Debug\designer_d.exp
D:\LOCALPROJECTS\CREAME4\BUILD\DEBUG\DESIGNER_D.ILK
D:\LocalProjects\Creame4\Build\Debug\designer_d.lib
D:\LocalProjects\Creame4\editor\../Build\Debug\designer.pdb
D:\LocalProjects\Creame4\editor\PythonIDE\Designer\Debug\CL.6536.read.1.tlog
D:\LocalProjects\Creame4\editor\PythonIDE\Designer\Debug\CL.6536.write.1.tlog
D:\LocalProjects\Creame4\editor\PythonIDE\Designer\Debug\CL.7020.read.1.tlog
D:\LocalProjects\Creame4\editor\PythonIDE\Designer\Debug\CL.7020.write.1.tlog
D:\LocalProjects\Creame4\editor\PythonIDE\Designer\Debug\CL.7812.read.1.tlog
D:\LocalProjects\Creame4\editor\PythonIDE\Designer\Debug\CL.7812.write.1.tlog
D:\LocalProjects\Creame4\editor\PythonIDE\Designer\Debug\cl.command.1.tlog
D:\LocalProjects\Creame4\editor\PythonIDE\Designer\Debug\CL.read.1.tlog
D:\LocalProjects\Creame4\editor\PythonIDE\Designer\Debug\cl.write.1.tlog
D:\LocalProjects\Creame4\editor\PythonIDE\Designer\Debug\custombuild.command.1.tlog
D:\LocalProjects\Creame4\editor\PythonIDE\Designer\Debug\custombuild.read.1.tlog
D:\LocalProjects\Creame4\editor\PythonIDE\Designer\Debug\custombuild.write.1.tlog
D:\LOCALPROJECTS\CREAME4\EDITOR\PYTHONIDE\DESIGNER\DEBUG\DESIGNER.DLL.INTERMEDIATE.MANIFEST
D:\LocalProjects\Creame4\editor\PythonIDE\Designer\Debug\designer.obj
D:\LOCALPROJECTS\CREAME4\EDITOR\PYTHONIDE\DESIGNER\DEBUG\DESIGNER.RES
D:\LocalProjects\Creame4\editor\PythonIDE\Designer\Debug\Designer.vcxprojResolveAssemblyReference.cache
D:\LocalProjects\Creame4\editor\PythonIDE\Designer\Debug\Designer.write.1.tlog
D:\LocalProjects\Creame4\editor\PythonIDE\Designer\Debug\link.command.1.tlog
D:\LocalProjects\Creame4\editor\PythonIDE\Designer\Debug\link.read.1.tlog
D:\LocalProjects\Creame4\editor\PythonIDE\Designer\Debug\link.write.1.tlog
D:\LocalProjects\Creame4\editor\PythonIDE\Designer\Debug\link-cvtres.read.1.tlog
D:\LocalProjects\Creame4\editor\PythonIDE\Designer\Debug\link-cvtres.write.1.tlog
D:\LocalProjects\Creame4\editor\PythonIDE\Designer\Debug\main.obj
D:\LocalProjects\Creame4\editor\PythonIDE\Designer\Debug\moc_designer.obj
D:\LocalProjects\Creame4\editor\PythonIDE\Designer\Debug\mt.command.1.tlog
D:\LocalProjects\Creame4\editor\PythonIDE\Designer\Debug\mt.read.1.tlog
D:\LocalProjects\Creame4\editor\PythonIDE\Designer\Debug\mt.write.1.tlog
D:\LOCALPROJECTS\CREAME4\EDITOR\PYTHONIDE\DESIGNER\DEBUG\QRC_DESIGNER.OBJ
D:\LocalProjects\Creame4\editor\PythonIDE\Designer\Debug\rc.command.1.tlog
D:\LocalProjects\Creame4\editor\PythonIDE\Designer\Debug\rc.read.1.tlog
D:\LocalProjects\Creame4\editor\PythonIDE\Designer\Debug\rc.write.1.tlog
D:\LOCALPROJECTS\CREAME4\EDITOR\PYTHONIDE\DESIGNER\DEBUG\VC100.PDB
D:\LOCALPROJECTS\CREAME4\EDITOR\PYTHONIDE\DESIGNER\GENERATEDFILES\DEBUG\MOC_DESIGNER.CPP
D:\LOCALPROJECTS\CREAME4\EDITOR\PYTHONIDE\DESIGNER\GENERATEDFILES\QRC_DESIGNER.CPP
D:\LOCALPROJECTS\CREAME4\EDITOR\PYTHONIDE\DESIGNER\GENERATEDFILES\UI_DESIGNER.H
