D:\LocalProjects\Backup\Creame4\editor\../Build\Release\designer.dll
D:\LocalProjects\Backup\Creame4\editor\PythonIDE\Designer\Release\CL.1704.read.1.tlog
D:\LocalProjects\Backup\Creame4\editor\PythonIDE\Designer\Release\CL.1704.write.1.tlog
D:\LocalProjects\Backup\Creame4\editor\PythonIDE\Designer\Release\CL.3724.read.1.tlog
D:\LocalProjects\Backup\Creame4\editor\PythonIDE\Designer\Release\CL.3724.write.1.tlog
D:\LocalProjects\Backup\Creame4\editor\PythonIDE\Designer\Release\CL.5680.read.1.tlog
D:\LocalProjects\Backup\Creame4\editor\PythonIDE\Designer\Release\CL.5680.write.1.tlog
D:\LocalProjects\Backup\Creame4\editor\PythonIDE\Designer\Release\CL.7636.read.1.tlog
D:\LocalProjects\Backup\Creame4\editor\PythonIDE\Designer\Release\CL.7636.write.1.tlog
D:\LocalProjects\Backup\Creame4\editor\PythonIDE\Designer\Release\CL.7948.read.1.tlog
D:\LocalProjects\Backup\Creame4\editor\PythonIDE\Designer\Release\CL.7948.write.1.tlog
D:\LocalProjects\Backup\Creame4\editor\PythonIDE\Designer\Release\CL.8352.read.1.tlog
D:\LocalProjects\Backup\Creame4\editor\PythonIDE\Designer\Release\CL.8352.write.1.tlog
D:\LocalProjects\Backup\Creame4\editor\PythonIDE\Designer\Release\cl.command.1.tlog
D:\LocalProjects\Backup\Creame4\editor\PythonIDE\Designer\Release\CL.read.1.tlog
D:\LocalProjects\Backup\Creame4\editor\PythonIDE\Designer\Release\cl.write.1.tlog
D:\LocalProjects\Backup\Creame4\editor\PythonIDE\Designer\Release\custombuild.command.1.tlog
D:\LocalProjects\Backup\Creame4\editor\PythonIDE\Designer\Release\custombuild.read.1.tlog
D:\LocalProjects\Backup\Creame4\editor\PythonIDE\Designer\Release\custombuild.write.1.tlog
D:\LocalProjects\Backup\Creame4\editor\PythonIDE\Designer\Release\designer.dll.intermediate.manifest
D:\LocalProjects\Backup\Creame4\editor\PythonIDE\Designer\Release\designer.obj
D:\LocalProjects\Backup\Creame4\editor\PythonIDE\Designer\Release\Designer.res
D:\LocalProjects\Backup\Creame4\editor\PythonIDE\Designer\Release\Designer.vcxprojResolveAssemblyReference.cache
D:\LocalProjects\Backup\Creame4\editor\PythonIDE\Designer\Release\Designer.write.1.tlog
D:\LocalProjects\Backup\Creame4\editor\PythonIDE\Designer\Release\link.command.1.tlog
D:\LocalProjects\Backup\Creame4\editor\PythonIDE\Designer\Release\link.read.1.tlog
D:\LocalProjects\Backup\Creame4\editor\PythonIDE\Designer\Release\link.write.1.tlog
D:\LocalProjects\Backup\Creame4\editor\PythonIDE\Designer\Release\link-cvtres.read.1.tlog
D:\LocalProjects\Backup\Creame4\editor\PythonIDE\Designer\Release\link-cvtres.write.1.tlog
D:\LocalProjects\Backup\Creame4\editor\PythonIDE\Designer\Release\main.obj
D:\LocalProjects\Backup\Creame4\editor\PythonIDE\Designer\Release\moc_designer.obj
D:\LocalProjects\Backup\Creame4\editor\PythonIDE\Designer\Release\mt.command.1.tlog
D:\LocalProjects\Backup\Creame4\editor\PythonIDE\Designer\Release\mt.read.1.tlog
D:\LocalProjects\Backup\Creame4\editor\PythonIDE\Designer\Release\mt.write.1.tlog
D:\LocalProjects\Backup\Creame4\editor\PythonIDE\Designer\Release\qrc_designer.obj
D:\LocalProjects\Backup\Creame4\editor\PythonIDE\Designer\Release\rc.command.1.tlog
D:\LocalProjects\Backup\Creame4\editor\PythonIDE\Designer\Release\rc.read.1.tlog
D:\LocalProjects\Backup\Creame4\editor\PythonIDE\Designer\Release\rc.write.1.tlog
D:\LOCALPROJECTS\CREAME4\BUILD\RELEASE\DESIGNER.DLL
D:\LocalProjects\Creame4\Build\Release\designer.exp
D:\LocalProjects\Creame4\Build\Release\designer.lib
D:\LOCALPROJECTS\CREAME4\EDITOR\PYTHONIDE\DESIGNER\GENERATEDFILES\QRC_DESIGNER.CPP
D:\LOCALPROJECTS\CREAME4\EDITOR\PYTHONIDE\DESIGNER\GENERATEDFILES\RELEASE\MOC_DESIGNER.CPP
D:\LOCALPROJECTS\CREAME4\EDITOR\PYTHONIDE\DESIGNER\GENERATEDFILES\UI_DESIGNER.H
D:\LOCALPROJECTS\CREAME4\EDITOR\PYTHONIDE\DESIGNER\RELEASE\DESIGNER.DLL.INTERMEDIATE.MANIFEST
D:\LOCALPROJECTS\CREAME4\EDITOR\PYTHONIDE\DESIGNER\RELEASE\DESIGNER.OBJ
D:\LOCALPROJECTS\CREAME4\EDITOR\PYTHONIDE\DESIGNER\RELEASE\DESIGNER.RES
D:\LOCALPROJECTS\CREAME4\EDITOR\PYTHONIDE\DESIGNER\RELEASE\MAIN.OBJ
D:\LOCALPROJECTS\CREAME4\EDITOR\PYTHONIDE\DESIGNER\RELEASE\MOC_DESIGNER.OBJ
D:\LOCALPROJECTS\CREAME4\EDITOR\PYTHONIDE\DESIGNER\RELEASE\QRC_DESIGNER.OBJ
