D:\LOCALPROJECTS\CREAME4\BUILD\DEBUG\NODESTREE_D.DLL
D:\LocalProjects\Creame4\Build\Debug\NodesTree_d.exp
D:\LOCALPROJECTS\CREAME4\BUILD\DEBUG\NODESTREE_D.ILK
D:\LocalProjects\Creame4\Build\Debug\NodesTree_d.lib
D:\LOCALPROJECTS\CREAME4\BUILD\DEBUG\NODESTREE_D.PDB
D:\LocalProjects\Creame4\editor\../Build\Debug\NodesTree_d.dll
D:\LocalProjects\Creame4\editor\../Build\Debug\NodesTree_d.ilk
D:\LocalProjects\Creame4\editor\../Build\Debug\NodesTree_d.pdb
D:\LocalProjects\Creame4\editor\NodesTree_d\(Configuration)\CL.3240.read.1.tlog
D:\LocalProjects\Creame4\editor\NodesTree_d\(Configuration)\CL.3240.write.1.tlog
D:\LocalProjects\Creame4\editor\NodesTree_d\(Configuration)\CL.5056.read.1.tlog
D:\LocalProjects\Creame4\editor\NodesTree_d\(Configuration)\CL.5056.write.1.tlog
D:\LocalProjects\Creame4\editor\NodesTree_d\(Configuration)\CL.6096.read.1.tlog
D:\LocalProjects\Creame4\editor\NodesTree_d\(Configuration)\CL.6096.write.1.tlog
D:\LocalProjects\Creame4\editor\NodesTree_d\(Configuration)\CL.6672.read.1.tlog
D:\LocalProjects\Creame4\editor\NodesTree_d\(Configuration)\CL.6672.write.1.tlog
D:\LocalProjects\Creame4\editor\NodesTree_d\(Configuration)\cl.command.1.tlog
D:\LocalProjects\Creame4\editor\NodesTree_d\(Configuration)\CL.read.1.tlog
D:\LocalProjects\Creame4\editor\NodesTree_d\(Configuration)\cl.write.1.tlog
D:\LocalProjects\Creame4\editor\NodesTree_d\(Configuration)\custombuild.command.1.tlog
D:\LocalProjects\Creame4\editor\NodesTree_d\(Configuration)\custombuild.read.1.tlog
D:\LocalProjects\Creame4\editor\NodesTree_d\(Configuration)\custombuild.write.1.tlog
D:\LocalProjects\Creame4\editor\NodesTree_d\(Configuration)\link.command.1.tlog
D:\LocalProjects\Creame4\editor\NodesTree_d\(Configuration)\link.read.1.tlog
D:\LocalProjects\Creame4\editor\NodesTree_d\(Configuration)\link.write.1.tlog
D:\LocalProjects\Creame4\editor\NodesTree_d\(Configuration)\moc_treeViewNodesForm.obj
D:\LocalProjects\Creame4\editor\NodesTree_d\(Configuration)\moc_treeViewNodesModel.obj
D:\LocalProjects\Creame4\editor\NodesTree_d\(Configuration)\moc_treeViewNodesNode.obj
D:\LocalProjects\Creame4\editor\NodesTree_d\(Configuration)\mt.command.1.tlog
D:\LocalProjects\Creame4\editor\NodesTree_d\(Configuration)\mt.read.1.tlog
D:\LocalProjects\Creame4\editor\NodesTree_d\(Configuration)\mt.write.1.tlog
D:\LOCALPROJECTS\CREAME4\EDITOR\NODESTREE_D\(CONFIGURATION)\NODESTREE_D.DLL.INTERMEDIATE.MANIFEST
D:\LocalProjects\Creame4\editor\NodesTree_d\(Configuration)\NodesTree_d.write.1.tlog
D:\LocalProjects\Creame4\editor\NodesTree_d\(Configuration)\treeViewNodesForm.obj
D:\LocalProjects\Creame4\editor\NodesTree_d\(Configuration)\treeViewNodesModel.obj
D:\LocalProjects\Creame4\editor\NodesTree_d\(Configuration)\treeViewNodesNode.obj
D:\LOCALPROJECTS\CREAME4\EDITOR\NODESTREE_D\(CONFIGURATION)\VC100.PDB
D:\LOCALPROJECTS\CREAME4\EDITOR\NODESTREE_D\GENERATEDFILES\DEBUG\MOC_TREEVIEWNODESFORM.CPP
D:\LOCALPROJECTS\CREAME4\EDITOR\NODESTREE_D\GENERATEDFILES\DEBUG\MOC_TREEVIEWNODESMODEL.CPP
D:\LOCALPROJECTS\CREAME4\EDITOR\NODESTREE_D\GENERATEDFILES\DEBUG\MOC_TREEVIEWNODESNODE.CPP
D:\LOCALPROJECTS\CREAME4\EDITOR\NODESTREE_D\GENERATEDFILES\UI_TREEVIEWFORM.H
