D:\LocalProjects\Backup\Creame4\editor\../Build\Release\NodesTree.dll
D:\LocalProjects\Backup\Creame4\editor\NodesTree_d\(Configuration)\CL.11340.read.1.tlog
D:\LocalProjects\Backup\Creame4\editor\NodesTree_d\(Configuration)\CL.11340.write.1.tlog
D:\LocalProjects\Backup\Creame4\editor\NodesTree_d\(Configuration)\CL.12232.read.1.tlog
D:\LocalProjects\Backup\Creame4\editor\NodesTree_d\(Configuration)\CL.12232.write.1.tlog
D:\LocalProjects\Backup\Creame4\editor\NodesTree_d\(Configuration)\CL.12280.read.1.tlog
D:\LocalProjects\Backup\Creame4\editor\NodesTree_d\(Configuration)\CL.12280.write.1.tlog
D:\LocalProjects\Backup\Creame4\editor\NodesTree_d\(Configuration)\CL.2556.read.1.tlog
D:\LocalProjects\Backup\Creame4\editor\NodesTree_d\(Configuration)\CL.2556.write.1.tlog
D:\LocalProjects\Backup\Creame4\editor\NodesTree_d\(Configuration)\CL.5260.read.1.tlog
D:\LocalProjects\Backup\Creame4\editor\NodesTree_d\(Configuration)\CL.5260.write.1.tlog
D:\LocalProjects\Backup\Creame4\editor\NodesTree_d\(Configuration)\CL.7768.read.1.tlog
D:\LocalProjects\Backup\Creame4\editor\NodesTree_d\(Configuration)\CL.7768.write.1.tlog
D:\LocalProjects\Backup\Creame4\editor\NodesTree_d\(Configuration)\CL.8008.read.1.tlog
D:\LocalProjects\Backup\Creame4\editor\NodesTree_d\(Configuration)\CL.8008.write.1.tlog
D:\LocalProjects\Backup\Creame4\editor\NodesTree_d\(Configuration)\CL.8036.read.1.tlog
D:\LocalProjects\Backup\Creame4\editor\NodesTree_d\(Configuration)\CL.8036.write.1.tlog
D:\LocalProjects\Backup\Creame4\editor\NodesTree_d\(Configuration)\cl.command.1.tlog
D:\LocalProjects\Backup\Creame4\editor\NodesTree_d\(Configuration)\CL.read.1.tlog
D:\LocalProjects\Backup\Creame4\editor\NodesTree_d\(Configuration)\cl.write.1.tlog
D:\LocalProjects\Backup\Creame4\editor\NodesTree_d\(Configuration)\custombuild.command.1.tlog
D:\LocalProjects\Backup\Creame4\editor\NodesTree_d\(Configuration)\custombuild.read.1.tlog
D:\LocalProjects\Backup\Creame4\editor\NodesTree_d\(Configuration)\custombuild.write.1.tlog
D:\LocalProjects\Backup\Creame4\editor\NodesTree_d\(Configuration)\link.command.1.tlog
D:\LocalProjects\Backup\Creame4\editor\NodesTree_d\(Configuration)\link.read.1.tlog
D:\LocalProjects\Backup\Creame4\editor\NodesTree_d\(Configuration)\link.write.1.tlog
D:\LocalProjects\Backup\Creame4\editor\NodesTree_d\(Configuration)\moc_treeViewNodesForm.obj
D:\LocalProjects\Backup\Creame4\editor\NodesTree_d\(Configuration)\moc_treeViewNodesModel.obj
D:\LocalProjects\Backup\Creame4\editor\NodesTree_d\(Configuration)\moc_treeViewNodesNode.obj
D:\LocalProjects\Backup\Creame4\editor\NodesTree_d\(Configuration)\mt.command.1.tlog
D:\LocalProjects\Backup\Creame4\editor\NodesTree_d\(Configuration)\mt.read.1.tlog
D:\LocalProjects\Backup\Creame4\editor\NodesTree_d\(Configuration)\mt.write.1.tlog
D:\LocalProjects\Backup\Creame4\editor\NodesTree_d\(Configuration)\NodesTree.dll.intermediate.manifest
D:\LocalProjects\Backup\Creame4\editor\NodesTree_d\(Configuration)\NodesTree_d.dll.intermediate.manifest
D:\LocalProjects\Backup\Creame4\editor\NodesTree_d\(Configuration)\NodesTree_d.write.1.tlog
D:\LocalProjects\Backup\Creame4\editor\NodesTree_d\(Configuration)\treeViewNodesForm.obj
D:\LocalProjects\Backup\Creame4\editor\NodesTree_d\(Configuration)\treeViewNodesModel.obj
D:\LocalProjects\Backup\Creame4\editor\NodesTree_d\(Configuration)\treeViewNodesNode.obj
D:\LocalProjects\Backup\Creame4\editor\NodesTree_d\(Configuration)\vc100.pdb
D:\LOCALPROJECTS\CREAME4\BUILD\DEBUG\NODESTREE_D.DLL
D:\LocalProjects\Creame4\Build\Debug\NodesTree_d.exp
D:\LocalProjects\Creame4\Build\Debug\NodesTree_d.lib
D:\LOCALPROJECTS\CREAME4\BUILD\RELEASE\NODESTREE.DLL
D:\LocalProjects\Creame4\Build\Release\NodesTree.exp
D:\LocalProjects\Creame4\Build\Release\NodesTree.lib
D:\LOCALPROJECTS\CREAME4\EDITOR\NODESTREE_D\(CONFIGURATION)\MOC_TREEVIEWNODESFORM.OBJ
D:\LOCALPROJECTS\CREAME4\EDITOR\NODESTREE_D\(CONFIGURATION)\MOC_TREEVIEWNODESMODEL.OBJ
D:\LOCALPROJECTS\CREAME4\EDITOR\NODESTREE_D\(CONFIGURATION)\MOC_TREEVIEWNODESNODE.OBJ
D:\LOCALPROJECTS\CREAME4\EDITOR\NODESTREE_D\(CONFIGURATION)\NODESTREE.DLL.INTERMEDIATE.MANIFEST
D:\LOCALPROJECTS\CREAME4\EDITOR\NODESTREE_D\(CONFIGURATION)\TREEVIEWNODESFORM.OBJ
D:\LOCALPROJECTS\CREAME4\EDITOR\NODESTREE_D\(CONFIGURATION)\TREEVIEWNODESMODEL.OBJ
D:\LOCALPROJECTS\CREAME4\EDITOR\NODESTREE_D\(CONFIGURATION)\TREEVIEWNODESNODE.OBJ
D:\LOCALPROJECTS\CREAME4\EDITOR\NODESTREE_D\(CONFIGURATION)\VC100.PDB
D:\LOCALPROJECTS\CREAME4\EDITOR\NODESTREE_D\GENERATEDFILES\RELEASE\MOC_TREEVIEWNODESFORM.CPP
D:\LOCALPROJECTS\CREAME4\EDITOR\NODESTREE_D\GENERATEDFILES\RELEASE\MOC_TREEVIEWNODESMODEL.CPP
D:\LOCALPROJECTS\CREAME4\EDITOR\NODESTREE_D\GENERATEDFILES\RELEASE\MOC_TREEVIEWNODESNODE.CPP
D:\LOCALPROJECTS\CREAME4\EDITOR\NODESTREE_D\GENERATEDFILES\UI_TREEVIEWFORM.H
